[04:32:37] [ServerMain/INFO]: Environment: Environment[sessionHost=https://sessionserver.mojang.com, servicesHost=https://api.minecraftservices.com, profilesHost=https://api.mojang.com, name=PROD]
[04:32:39] [ServerMain/INFO]: Loaded 1470 recipes
[04:32:39] [ServerMain/INFO]: Loaded 1584 advancements
[04:32:39] [Server thread/INFO]: Starting minecraft server version 1.21.11
[04:32:39] [Server thread/INFO]: Loading properties
[04:32:39] [Server thread/INFO]: Default game type: SURVIVAL
[04:32:39] [Server thread/INFO]: Generating keypair
[04:32:39] [Server thread/INFO]: Starting Minecraft server on *:25565
[04:32:39] [Server thread/WARN]: **** SERVER IS RUNNING IN OFFLINE/INSECURE MODE!
[04:32:39] [Server thread/WARN]: The server will make no attempt to authenticate usernames. Beware.
[04:32:39] [Server thread/WARN]: While this makes the game possible to play without internet access, it also opens up the ability for hackers to connect with any username they choose.
[04:32:39] [Server thread/WARN]: To change this, set "online-mode" to "true" in the server.properties file.
[04:32:39] [Server thread/INFO]: Preparing level "world"
[04:32:40] [Server thread/INFO]: Loading 0 persistent chunks...
[04:32:40] [Server thread/INFO]: Preparing spawn area: 100%
[04:32:40] [Server thread/INFO]: Time elapsed: 14 ms
[04:32:40] [Server thread/INFO]: Done (0.473s)! For help, type "help"
[04:32:45] [Server thread/INFO]: andresdeoliver[/127.24.71.149:50665] logged in with entity id 93 at (-305.1400705333613, 62.875, -328.59658419536373)
[04:32:46] [Server thread/INFO]: andresdeoliver joined the game
[04:32:51] [Server thread/INFO]: darauche11[/127.47.146.61:48579] logged in with entity id 320 at (10302.22700922432, 85.0, 5044.500583243793)
[04:32:51] [Server thread/INFO]: darauche11 joined the game
[04:32:52] [Server thread/INFO]: MrWachu[/127.107.124.29:59981] logged in with entity id 411 at (106.35145973229976, 96.5, 159.02526061362533)
[04:32:52] [Server thread/INFO]: MrWachu joined the game
[04:32:53] [Server thread/INFO]: Ori[/127.95.213.37:41263] logged in with entity id 490 at (-1216.360152603657, -33.0, 145.86350012524161)
[04:32:53] [Server thread/INFO]: Ori joined the game
[04:32:55] [Server thread/INFO]: melocoton[/127.198.99.166:35871] logged in with entity id 633 at (-338.12531625046694, 72.0, 234.50825192216107)
[04:32:55] [Server thread/INFO]: melocoton joined the game
[04:33:01] [Server thread/INFO]: Kathapum89[/127.101.178.7:52637] logged in with entity id 903 at (-295.4739293797064, 83.0, 193.08694716614065)
[04:33:01] [Server thread/INFO]: Kathapum89 joined the game
[04:33:32] [Server thread/INFO]: [MrWachu: Teleported MrWachu to -394.500000, 66.000000, 400.500000]
[04:33:33] [Server thread/INFO]: [Not Secure] <melocoton> en donde puedo conseguir el tridente
[04:33:33] [Server thread/INFO]: [andresdeoliver: Teleported andresdeoliver to MrWachu]
[04:33:41] [Server thread/INFO]: [andresdeoliver: Teleported andresdeoliver to 140.500000, 107.000000, 146.500000]
[04:33:49] [Server thread/INFO]: [Not Secure] <Ori> Salmon tiene uno
[04:33:49] [Server thread/INFO]: [MrWachu: Teleported MrWachu to 140.500000, 107.000000, 146.500000]
[04:33:53] [Server thread/INFO]: [Not Secure] <Ori> quitaselo
[04:34:03] [Server thread/INFO]: [Not Secure] <melocoton> oliveira a ti que te pasa?
[04:34:43] [Server thread/INFO]: [darauche11: Teleported darauche11 to Ori]
[04:34:45] [Server thread/INFO]: [darauche11: Teleported darauche11 to -332.500000, 70.000000, -332.500000]
[04:35:04] [Server thread/WARN]: Can't keep up! Is the server overloaded? Running 2269ms or 45 ticks behind
[04:35:11] [Server thread/INFO]: [andresdeoliver: Teleported andresdeoliver to -299.500000, 60.000000, -299.500000]
[04:35:27] [Server thread/INFO]: [andresdeoliver: Teleported andresdeoliver to 140.500000, 107.000000, 146.500000]
[04:35:48] [Server thread/INFO]: Kathapum89 lost connection: Disconnected
[04:35:48] [Server thread/INFO]: Kathapum89 left the game
[04:35:58] [Server thread/INFO]: [darauche11: Teleported darauche11 to Ori]
[04:36:09] [Server thread/INFO]: [darauche11: Teleported darauche11 to -332.500000, 70.000000, -332.500000]
[04:36:14] [Server thread/INFO]: [MrWachu: Teleported MrWachu to -394.500000, 66.000000, 400.500000]
[04:36:35] [Server thread/INFO]: [MrWachu: Teleported MrWachu to 140.500000, 107.000000, 146.500000]
[04:36:56] [Server thread/INFO]: [MrWachu: Teleported MrWachu to -394.500000, 66.000000, 400.500000]
[04:37:32] [Server thread/INFO]: melocoton lost connection: Disconnected
[04:37:32] [Server thread/INFO]: melocoton left the game
[04:37:32] [Server thread/INFO]: [MrWachu: Teleported MrWachu to 140.500000, 107.000000, 146.500000]
[04:37:37] [Server thread/INFO]: melocoton[/127.198.99.166:33027] logged in with entity id 5920 at (-760.4196997887534, 63.0, 203.6972235660544)
[04:37:37] [Server thread/INFO]: melocoton joined the game
[04:40:15] [Server thread/INFO]: [andresdeoliver: Teleported andresdeoliver to -299.500000, 60.000000, -299.500000]
[04:42:11] [Server thread/INFO]: [andresdeoliver: Teleported andresdeoliver to 140.500000, 107.000000, 146.500000]
[04:42:24] [Server thread/INFO]: [andresdeoliver: Teleported andresdeoliver to -299.500000, 60.000000, -299.500000]
[04:42:31] [Server thread/INFO]: [MrWachu: Teleported MrWachu to -314.500000, 64.000000, -329.500000]
[04:42:39] [Server thread/INFO]: [andresdeoliver: Teleported andresdeoliver to 140.500000, 107.000000, 146.500000]
[04:42:44] [Server thread/WARN]: Can't keep up! Is the server overloaded? Running 2004ms or 40 ticks behind
[04:42:52] [Server thread/INFO]: [MrWachu: Teleported MrWachu to 140.500000, 107.000000, 146.500000]
[04:43:02] [Server thread/WARN]: Can't keep up! Is the server overloaded? Running 3021ms or 60 ticks behind
[04:43:21] [Server thread/WARN]: Can't keep up! Is the server overloaded? Running 3912ms or 78 ticks behind
[04:43:22] [Server thread/INFO]: [Not Secure] <Ori> ya no estas de un humor de caña?
[04:43:26] [Server thread/INFO]: [Not Secure] <Ori> KASFAIJFJFJDFJDFJFJ
[04:43:30] [Server thread/INFO]: MrWachu lost connection: Disconnected
[04:43:30] [Server thread/INFO]: MrWachu left the game
[04:43:33] [Server thread/INFO]: MrWachu[/127.107.124.29:36089] logged in with entity id 11878 at (137.0203836314326, 107.0, 148.66280428965135)
[04:43:33] [Server thread/INFO]: MrWachu joined the game
[04:43:34] [Server thread/INFO]: melocoton lost connection: Disconnected
[04:43:34] [Server thread/INFO]: melocoton left the game
[04:43:38] [Server thread/INFO]: [MrWachu: Teleported MrWachu to -314.500000, 64.000000, -329.500000]
[04:43:40] [Server thread/INFO]: melocoton[/127.198.99.166:59385] logged in with entity id 12012 at (-694.00490025937, 62.110764312744145, 176.45391075032)
[04:43:40] [Server thread/INFO]: melocoton joined the game
[04:44:18] [Server thread/WARN]: Mismatch in destroy block pos: is{x=-270, y=64, z=-310} is{x=-270, y=63, z=-313}
[04:45:14] [Server thread/INFO]: [MrWachu: Teleported MrWachu to 140.500000, 107.000000, 146.500000]
[04:46:09] [Server thread/INFO]: [MrWachu: Teleported MrWachu to -394.500000, 66.000000, 400.500000]
[04:48:21] [Server thread/INFO]: [darauche11: Teleported darauche11 to -332.500000, 70.000000, -332.500000]
[04:48:39] [Server thread/INFO]: [MrWachu: Teleported MrWachu to Ori]
[04:49:52] [Server thread/INFO]: [darauche11: Teleported darauche11 to andresdeoliver]
[04:50:17] [Server thread/INFO]: [andresdeoliver: Teleported andresdeoliver to -299.500000, 60.000000, -299.500000]
[04:51:00] [Server thread/INFO]: [andresdeoliver: Teleported andresdeoliver to darauche11]
[04:51:08] [Server thread/INFO]: [MrWachu: Teleported MrWachu to -394.500000, 66.000000, 400.500000]
[04:52:22] [Server thread/INFO]: [MrWachu: Teleported MrWachu to andresdeoliver]
[04:52:43] [Server thread/INFO]: [MrWachu: Teleported MrWachu to -394.500000, 66.000000, 400.500000]
[04:53:06] [Server thread/INFO]: [Ori: Teleported Ori to -392.500000, 66.000000, 405.500000]
[04:53:34] [Server thread/INFO]: [Not Secure] <Ori> ESQUELETOS -1217 -33 143
[04:53:44] [Server thread/INFO]: [andresdeoliver: Teleported andresdeoliver to 140.500000, 107.000000, 146.500000]
[04:53:46] [Server thread/INFO]: [Not Secure] <melocoton> si va oriana
[04:53:52] [Server thread/INFO]: [Not Secure] <melocoton> gravias
[04:53:54] [Server thread/INFO]: [Not Secure] <Ori> Orianna
[04:54:02] [Server thread/INFO]: [Not Secure] <Ori> <4
[04:54:23] [Server thread/WARN]: Can't keep up! Is the server overloaded? Running 2009ms or 40 ticks behind
[04:54:26] [Server thread/INFO]: [MrWachu: Teleported MrWachu to andresdeoliver]
[04:54:27] [Server thread/INFO]: [Ori: Teleported Ori to 114.500000, 107.000000, 150.500000]
[04:55:01] [Server thread/INFO]: [MrWachu: Teleported MrWachu to -394.500000, 66.000000, 400.500000]
[04:55:11] [Server thread/WARN]: Can't keep up! Is the server overloaded? Running 2006ms or 40 ticks behind
[04:55:14] [Server thread/INFO]: [Ori: Teleported Ori to -392.500000, 66.000000, 405.500000]
[04:55:20] [Server thread/INFO]: [andresdeoliver: Teleported andresdeoliver to darauche11]
[04:55:22] [Server thread/INFO]: [darauche11: Teleported darauche11 to -332.500000, 70.000000, -332.500000]
[04:55:31] [Server thread/INFO]: [Ori: Teleported Ori to 114.500000, 107.000000, 150.500000]
[04:56:02] [Server thread/INFO]: [Not Secure] <MrWachu> verdad
[04:56:54] [Server thread/INFO]: [darauche11: Teleported darauche11 to andresdeoliver]
[04:57:13] [Server thread/INFO]: [darauche11: Teleported darauche11 to -332.500000, 70.000000, -332.500000]
[04:57:17] [Server thread/INFO]: [andresdeoliver: Teleported andresdeoliver to 140.500000, 107.000000, 146.500000]
[04:57:24] [Server thread/INFO]: [darauche11: Teleported darauche11 to andresdeoliver]
[04:57:33] [Server thread/INFO]: [Not Secure] <andresdeoliver> asd
[04:57:35] [Server thread/WARN]: melocoton moved too quickly! 5.036762878695583,0.5800000131130219,8.886081957562944
[04:57:48] [Server thread/INFO]: [Ori: Teleported Ori to -392.500000, 66.000000, 405.500000]
[05:02:12] [Server thread/INFO]: [Ori: Teleported Ori to -392.500000, 66.000000, 405.500000]
[05:02:43] [Server thread/INFO]: [darauche11: Teleported darauche11 to andresdeoliver]
[05:03:36] [Server thread/INFO]: [Ori: Teleported Ori to 114.500000, 107.000000, 150.500000]
[05:04:30] [Server thread/INFO]: [Ori: Teleported Ori to -392.500000, 66.000000, 405.500000]
[05:05:26] [Server thread/INFO]: [Ori: Teleported Ori to 114.500000, 107.000000, 150.500000]
[05:06:28] [Server thread/WARN]: Can't keep up! Is the server overloaded? Running 2015ms or 40 ticks behind
[05:06:56] [Server thread/WARN]: Can't keep up! Is the server overloaded? Running 12918ms or 258 ticks behind
[05:07:17] [Server thread/WARN]: Can't keep up! Is the server overloaded? Running 5606ms or 112 ticks behind
[05:07:26] [Server thread/INFO]: [andresdeoliver: Teleported andresdeoliver to 140.500000, 107.000000, 146.500000]
[05:07:49] [Server thread/INFO]: [darauche11: Teleported darauche11 to andresdeoliver]
[05:08:12] [Server thread/INFO]: [Ori: Teleported Ori to -392.500000, 66.000000, 405.500000]
[05:08:48] [Server thread/INFO]: [MrWachu: Teleported MrWachu to andresdeoliver]
[05:09:03] [Server thread/INFO]: [MrWachu: Teleported MrWachu to andresdeoliver]
[05:09:50] [Server thread/INFO]: [Ori: Teleported Ori to MrWachu]
[05:09:55] [Server thread/INFO]: [Ori: Teleported Ori to -392.500000, 66.000000, 405.500000]
[05:10:30] [Server thread/INFO]: [melocoton: Teleported melocoton to -471.500000, 62.000000, 204.500000]
[05:11:57] [Server thread/INFO]: [Ori: Teleported Ori to darauche11]
[05:13:27] [Server thread/INFO]: [melocoton: Teleported melocoton to darauche11]
[05:13:32] [Server thread/INFO]: [Ori: Teleported Ori to -392.500000, 66.000000, 405.500000]
[05:13:37] [Server thread/INFO]: melocoton has made the advancement [Sneak 100]
[05:14:15] [Server thread/INFO]: [Ori: Teleported Ori to 114.500000, 107.000000, 150.500000]
[05:14:40] [Server thread/INFO]: [Ori: Teleported Ori to -392.500000, 66.000000, 405.500000]
[05:16:07] [Server thread/WARN]: melocoton was kicked for floating too long!
[05:16:07] [Server thread/INFO]: melocoton lost connection: Flying is not enabled on this server
[05:16:07] [Server thread/INFO]: melocoton left the game
[05:16:07] [Server thread/WARN]: handleDisconnection() called twice
[05:16:20] [Server thread/INFO]: melocoton[/127.198.99.166:55129] logged in with entity id 37232 at (248.93138601639575, 14.001335979112149, 132.27478105174535)
[05:16:20] [Server thread/INFO]: melocoton joined the game
[05:16:28] [Server thread/INFO]: [darauche11: Teleported darauche11 to MrWachu]
[05:16:50] [Server thread/INFO]: [melocoton: Teleported melocoton to darauche11]
[05:19:49] [Server thread/INFO]: [Ori: Teleported Ori to andresdeoliver]
[05:20:07] [Server thread/INFO]: [Ori: Teleported Ori to -392.500000, 66.000000, 405.500000]
[05:20:34] [Server thread/INFO]: [andresdeoliver: Teleported MrWachu to andresdeoliver]
[05:20:40] [Server thread/INFO]: [darauche11: Teleported darauche11 to andresdeoliver]
[05:21:35] [Server thread/INFO]: [Ori: Teleported Ori to 114.500000, 107.000000, 150.500000]
[05:23:12] [Server thread/INFO]: [darauche11: Teleported darauche11 to andresdeoliver]
[05:23:13] [Server thread/INFO]: [Ori: Teleported Ori to -392.500000, 66.000000, 405.500000]
[05:23:56] [Server thread/INFO]: [Ori: Teleported Ori to MrWachu]
[05:23:58] [Server thread/INFO]: [melocoton: Teleported melocoton to MrWachu]
[05:24:20] [Server thread/INFO]: [Ori: Teleported Ori to -392.500000, 66.000000, 405.500000]
[05:24:21] [Server thread/INFO]: [MrWachu: Teleported MrWachu to andresdeoliver]
[05:24:25] [Server thread/INFO]: [darauche11: Teleported darauche11 to andresdeoliver]
[05:24:25] [Server thread/INFO]: [melocoton: Teleported melocoton to andresdeoliver]
[05:24:26] [Server thread/INFO]: [Ori: Teleported Ori to andresdeoliver]
[05:24:55] [Server thread/INFO]: [darauche11: Teleported darauche11 to andresdeoliver]
[05:25:10] [Server thread/INFO]: [Ori: Teleported Ori to -392.500000, 66.000000, 405.500000]
[05:25:26] [Server thread/INFO]: [darauche11: Teleported darauche11 to andresdeoliver]
[05:25:31] [Server thread/INFO]: [MrWachu: Teleported melocoton to MrWachu]
[05:25:47] [Server thread/INFO]: [Ori: Teleported Ori to MrWachu]
[05:25:48] [Server thread/INFO]: darauche11 was slain by Warden
[05:25:52] [Server thread/INFO]: [darauche11: Teleported darauche11 to andresdeoliver]
[05:26:46] [Server thread/INFO]: [Ori: Teleported Ori to -392.500000, 66.000000, 405.500000]
[05:27:09] [Server thread/INFO]: [darauche11: Teleported darauche11 to andresdeoliver]
[05:28:00] [Server thread/INFO]: [Ori: Teleported Ori to MrWachu]
[05:28:48] [Server thread/INFO]: [Ori: Teleported Ori to -392.500000, 66.000000, 405.500000]
[05:29:02] [Server thread/INFO]: [darauche11: Teleported melocoton to darauche11]
[05:29:18] [Server thread/INFO]: [darauche11: Teleported darauche11 to andresdeoliver]
[05:29:20] [Server thread/INFO]: [darauche11: Teleported melocoton to darauche11]
[05:30:29] [Server thread/WARN]: Can't keep up! Is the server overloaded? Running 2000ms or 40 ticks behind
[05:30:48] [Server thread/WARN]: Can't keep up! Is the server overloaded? Running 4490ms or 89 ticks behind
[05:31:06] [Server thread/WARN]: Can't keep up! Is the server overloaded? Running 3285ms or 65 ticks behind
[05:31:33] [Server thread/INFO]: [Ori: Teleported Ori to MrWachu]
[05:31:48] [Server thread/INFO]: [Ori: Teleported Ori to -392.500000, 66.000000, 405.500000]
[05:32:29] [Server thread/INFO]: [darauche11: Teleported darauche11 to andresdeoliver]
[05:34:42] [Server thread/INFO]: [andresdeoliver: Teleported melocoton to andresdeoliver]
[05:34:47] [Server thread/INFO]: [andresdeoliver: Teleported darauche11 to andresdeoliver]
[05:35:46] [Server thread/INFO]: [Ori: Teleported Ori to 114.500000, 107.000000, 150.500000]
[05:36:12] [Server thread/INFO]: [MrWachu: Teleported melocoton to MrWachu]
[05:36:12] [Server thread/INFO]: MrWachu was slain by Warden
[05:36:21] [Server thread/INFO]: [darauche11: Teleported melocoton to darauche11]
[05:36:21] [Server thread/INFO]: [andresdeoliver: Teleported melocoton to andresdeoliver]
[05:36:50] [Server thread/INFO]: [Ori: Teleported Ori to -392.500000, 66.000000, 405.500000]
[05:37:17] [Server thread/INFO]: [MrWachu: Teleported MrWachu to andresdeoliver]
[05:38:12] [Server thread/INFO]: [MrWachu: Teleported MrWachu to darauche11]
[05:38:13] [Server thread/INFO]: [Ori: Teleported Ori to 114.500000, 107.000000, 150.500000]
[05:38:50] [Server thread/INFO]: [darauche11: Teleported darauche11 to andresdeoliver]
[05:38:55] [Server thread/INFO]: [MrWachu: Teleported MrWachu to andresdeoliver]
[05:39:11] [Server thread/INFO]: [Ori: Teleported Ori to -392.500000, 66.000000, 405.500000]
[05:39:31] [Server thread/INFO]: [Ori: Teleported Ori to 114.500000, 107.000000, 150.500000]
[05:39:42] [Server thread/INFO]: [Ori: Teleported Ori to -392.500000, 66.000000, 405.500000]
[05:39:57] [Server thread/INFO]: [Ori: Teleported Ori to 114.500000, 107.000000, 150.500000]
[05:40:23] [Server thread/WARN]: darauche11 moved too quickly! -10.015487106458068,0.0,-0.09830722828194638
[05:40:23] [Server thread/WARN]: MrWachu moved too quickly! 10.214926016839229,-0.7967356006686899,0.11896201944459506
[05:40:24] [Server thread/INFO]: [Ori: Teleported Ori to -392.500000, 66.000000, 405.500000]
[05:41:03] [Server thread/INFO]: [Ori: Teleported Ori to -1216.500000, -33.000000, 143.500000]
[05:41:21] [Server thread/INFO]: [Ori: Teleported Ori to -392.500000, 66.000000, 405.500000]
[05:42:57] [Server thread/INFO]: [Ori: Teleported Ori to -1216.500000, -33.000000, 143.500000]
[05:43:38] [Server thread/INFO]: [Ori: Teleported Ori to -392.500000, 66.000000, 405.500000]
[05:43:58] [Server thread/INFO]: [MrWachu: Teleported MrWachu to andresdeoliver]
[05:44:01] [Server thread/INFO]: [andresdeoliver: Teleported melocoton to andresdeoliver]
[05:44:15] [Server thread/INFO]: Ori lost connection: Timed out
[05:44:15] [Server thread/INFO]: Ori left the game
[05:44:24] [Server thread/INFO]: [MrWachu: Teleported MrWachu to -394.500000, 66.000000, 400.500000]
[05:45:03] [Server thread/INFO]: [melocoton: Teleported melocoton to -332.500000, 60.000000, -332.500000]
[05:45:10] [Server thread/INFO]: [darauche11: Teleported darauche11 to andresdeoliver]
[05:46:10] [Server thread/INFO]: Ori[/127.95.213.37:56665] logged in with entity id 52105 at (-402.20790747470215, 63.0, 399.04155838343854)
[05:46:10] [Server thread/INFO]: Ori joined the game
[05:46:17] [Server thread/WARN]: darauche11 moved wrongly!
[05:46:33] [Server thread/INFO]: [MrWachu: Teleported MrWachu to melocoton]
[05:46:38] [Server thread/INFO]: [darauche11: Teleported darauche11 to andresdeoliver]
[05:46:52] [Server thread/INFO]: [MrWachu: Teleported MrWachu to -394.500000, 66.000000, 400.500000]
[05:46:54] [Server thread/INFO]: [andresdeoliver: Teleported andresdeoliver to 140.500000, 107.000000, 146.500000]
[05:47:40] [Server thread/INFO]: [darauche11: Teleported darauche11 to andresdeoliver]
[05:49:17] [Server thread/INFO]: Ori lost connection: Disconnected
[05:49:17] [Server thread/INFO]: Ori left the game
[05:49:26] [Server thread/INFO]: [darauche11: Teleported darauche11 to -332.500000, 70.000000, -332.500000]
[05:49:37] [Server thread/INFO]: MrWachu lost connection: Disconnected
[05:49:37] [Server thread/INFO]: MrWachu left the game
[05:49:47] [Server thread/INFO]: darauche11 lost connection: Disconnected
[05:49:47] [Server thread/INFO]: darauche11 left the game
[05:50:07] [Server thread/INFO]: [melocoton: Teleported melocoton to -471.500000, 64.000000, 204.500000]
[05:50:42] [Server thread/INFO]: melocoton lost connection: Disconnected
[05:50:42] [Server thread/INFO]: melocoton left the game
[05:50:47] [Server thread/INFO]: andresdeoliver lost connection: Disconnected
[05:50:47] [Server thread/INFO]: andresdeoliver left the game
[05:51:42] [Server thread/INFO]: Stopping the server
[05:51:42] [Server thread/INFO]: Stopping server
[05:51:42] [Server thread/INFO]: Saving players
[05:51:42] [Server thread/INFO]: Saving worlds
[05:51:42] [Server thread/INFO]: Saving chunks for level 'ServerLevel[world]'/minecraft:overworld
[05:51:42] [Server thread/INFO]: Saving chunks for level 'ServerLevel[world]'/minecraft:the_end
[05:51:42] [Server thread/INFO]: Saving chunks for level 'ServerLevel[world]'/minecraft:the_nether
[05:51:42] [Server thread/INFO]: ThreadedAnvilChunkStorage (world): All chunks are saved
[05:51:42] [Server thread/INFO]: ThreadedAnvilChunkStorage (DIM1): All chunks are saved
[05:51:42] [Server thread/INFO]: ThreadedAnvilChunkStorage (DIM-1): All chunks are saved
[05:51:42] [Server thread/INFO]: ThreadedAnvilChunkStorage: All dimensions are saved
